<?xml version="1.0" encoding="UTF-8"?>
<!-- Generated by org.testng.reporters.JUnitReportReporter -->
<testsuite hostname="dac-34" failures="0" tests="1" name="com.project.SeleniumTest" time="17.896" errors="0" timestamp="2024-12-22T09:46:51 IST" skipped="0">
  <testcase classname="com.project.SeleniumTest" name="test" time="17.896"/>
</testsuite> <!-- com.project.SeleniumTest -->
